\BOOKMARK [0][-]{chapter*.1}{\376\377\000L\000i\000s\000t\000\040\000o\000f\000\040\000F\000i\000g\000u\000r\000e\000s}{}% 1
\BOOKMARK [0][-]{chapter*.2}{\376\377\000L\000i\000s\000t\000\040\000o\000f\000\040\000T\000a\000b\000l\000e\000s}{}% 2
\BOOKMARK [0][-]{chapter*.4}{\376\377\000L\000i\000s\000t\000\040\000o\000f\000\040\000T\000e\000r\000m\000s}{}% 3
\BOOKMARK [0][-]{chapter*.5}{\376\377\000L\000i\000s\000t\000\040\000o\000f\000\040\000A\000b\000b\000r\000e\000v\000i\000a\000t\000i\000o\000n\000s}{}% 4
\BOOKMARK [0][-]{chapter*.6}{\376\377\000L\000i\000s\000t\000\040\000o\000f\000\040\000S\000y\000m\000b\000o\000l\000s}{}% 5
\BOOKMARK [0][-]{chapter*.7}{\376\377\000A\000c\000k\000n\000o\000w\000l\000e\000d\000g\000e\000m\000e\000n\000t\000s}{}% 6
\BOOKMARK [0][-]{chapter*.8}{\376\377\000D\000e\000c\000l\000a\000r\000a\000t\000i\000o\000n}{}% 7
\BOOKMARK [0][-]{chapter*.10}{\376\377\000A\000b\000s\000t\000r\000a\000c\000t}{}% 8
\BOOKMARK [0][-]{chapter.1}{\376\377\000I\000n\000t\000r\000o\000d\000u\000c\000t\000i\000o\000n}{}% 9
\BOOKMARK [1][-]{section.1.1}{\376\377\000I\000n\000t\000r\000o\000d\000u\000c\000t\000i\000o\000n\000\040\000t\000o\000\040\000P\000r\000o\000b\000l\000e\000m}{chapter.1}% 10
\BOOKMARK [1][-]{section.1.2}{\376\377\000R\000e\000s\000e\000a\000r\000c\000h\000\040\000C\000o\000n\000t\000r\000i\000b\000u\000t\000i\000o\000n\000s}{chapter.1}% 11
\BOOKMARK [1][-]{section.1.3}{\376\377\000T\000h\000e\000s\000i\000s\000\040\000S\000t\000r\000u\000c\000t\000u\000r\000e}{chapter.1}% 12
\BOOKMARK [0][-]{chapter.2}{\376\377\000A\000n\000n\000o\000t\000a\000t\000o\000r\000\040\000E\000f\000f\000i\000c\000i\000e\000n\000t\000\040\000A\000c\000t\000i\000v\000e\000\040\000L\000e\000a\000r\000n\000i\000n\000g}{}% 13
\BOOKMARK [1][-]{section.2.1}{\376\377\000I\000n\000t\000r\000o\000d\000u\000c\000t\000i\000o\000n}{chapter.2}% 14
\BOOKMARK [2][-]{subsection.2.1.1}{\376\377\000A\000c\000t\000i\000v\000e\000\040\000L\000e\000a\000r\000n\000i\000n\000g\000\040\000f\000o\000r\000\040\000M\000e\000d\000i\000c\000a\000l\000\040\000I\000m\000a\000g\000e\000\040\000A\000n\000a\000l\000y\000s\000i\000s}{section.2.1}% 15
\BOOKMARK [2][-]{subsection.2.1.2}{\376\377\000D\000e\000e\000p\000\040\000A\000c\000t\000i\000v\000e\000\040\000L\000e\000a\000r\000n\000i\000n\000g\000\040\000f\000o\000r\000\040\000D\000i\000g\000i\000t\000a\000l\000\040\000P\000a\000t\000h\000o\000l\000o\000g\000y}{section.2.1}% 16
\BOOKMARK [1][-]{section.2.2}{\376\377\000A\000c\000t\000i\000v\000e\000\040\000L\000e\000a\000r\000n\000i\000n\000g\000\040\000f\000o\000r\000\040\000M\000e\000d\000i\000c\000a\000l\000\040\000I\000m\000a\000g\000e\000s\000\040\000R\000e\000v\000i\000e\000w}{chapter.2}% 17
\BOOKMARK [2][-]{subsection.2.2.1}{\376\377\000A\000p\000p\000l\000i\000c\000a\000t\000i\000o\000n\000\040\000o\000f\000\040\000A\000c\000t\000i\000v\000e\000\040\000L\000e\000a\000r\000n\000i\000n\000g\000\040\000f\000o\000r\000\040\000M\000e\000d\000i\000c\000i\000n\000e}{section.2.2}% 18
\BOOKMARK [2][-]{subsection.2.2.2}{\376\377\000P\000o\000o\000l\000\040\000B\000a\000s\000e\000d\000\040\000A\000c\000t\000i\000v\000e\000\040\000L\000e\000a\000r\000n\000i\000n\000g\000\040\000M\000e\000t\000h\000o\000d}{section.2.2}% 19
\BOOKMARK [2][-]{subsection.2.2.3}{\376\377\000A\000c\000t\000i\000v\000e\000\040\000L\000e\000a\000r\000n\000i\000n\000g\000\040\000f\000o\000r\000\040\000A\000n\000n\000o\000t\000a\000t\000i\000o\000n\000\040\000E\000f\000f\000i\000c\000i\000e\000n\000t\000l\000y}{section.2.2}% 20
\BOOKMARK [2][-]{subsection.2.2.4}{\376\377\000A\000n\000n\000o\000t\000a\000t\000o\000r\000\040\000E\000f\000f\000i\000c\000i\000e\000n\000t\000\040\000A\000c\000t\000i\000v\000e\000\040\000L\000e\000a\000r\000n\000i\000n\000g\000\040\000f\000o\000r\000\040\000H\000i\000s\000t\000o\000p\000a\000t\000h\000o\000l\000o\000g\000y}{section.2.2}% 21
\BOOKMARK [1][-]{section.2.3}{\376\377\000A\000n\000n\000o\000t\000a\000t\000o\000r\000\040\000E\000f\000f\000i\000c\000i\000e\000n\000t\000\040\000A\000c\000t\000i\000v\000e\000\040\000L\000e\000a\000r\000n\000i\000n\000g\000\040\000f\000o\000r\000\040\000H\000i\000s\000t\000o\000p\000a\000t\000h\000o\000l\000o\000g\000y}{chapter.2}% 22
\BOOKMARK [2][-]{subsection.2.3.1}{\376\377\000P\000r\000o\000b\000l\000e\000m\000\040\000S\000e\000t\000t\000i\000n\000g\000\040\000d\000e\000f\000i\000n\000e\000d\000\040\000b\000y\000\040\000R\000e\000v\000i\000e\000w}{section.2.3}% 23
\BOOKMARK [2][-]{subsection.2.3.2}{\376\377\000R\000e\000g\000i\000o\000n\000-\000B\000a\000s\000e\000d\000\040\000A\000c\000t\000i\000v\000e\000\040\000L\000e\000a\000r\000n\000i\000n\000g}{section.2.3}% 24
\BOOKMARK [1][-]{section.2.4}{\376\377\000A\000c\000t\000i\000v\000e\000\040\000L\000e\000a\000r\000n\000i\000n\000g\000\040\000E\000x\000p\000e\000r\000i\000m\000e\000n\000t\000s}{chapter.2}% 25
\BOOKMARK [2][-]{subsection.2.4.1}{\376\377\000D\000a\000t\000a\000s\000e\000t}{section.2.4}% 26
\BOOKMARK [2][-]{subsection.2.4.2}{\376\377\000T\000r\000a\000i\000n\000i\000n\000g\000\040\000P\000a\000r\000a\000m\000e\000t\000e\000r\000s}{section.2.4}% 27
\BOOKMARK [2][-]{subsection.2.4.3}{\376\377\000E\000x\000p\000e\000r\000i\000m\000e\000n\000t\000\040\000S\000e\000t\000u\000p}{section.2.4}% 28
\BOOKMARK [2][-]{subsection.2.4.4}{\376\377\000R\000e\000s\000u\000l\000t\000s}{section.2.4}% 29
\BOOKMARK [1][-]{section.2.5}{\376\377\000C\000o\000n\000c\000l\000u\000s\000i\000o\000n}{chapter.2}% 30
\BOOKMARK [0][-]{chapter.3}{\376\377\000U\000n\000s\000u\000p\000e\000r\000v\000i\000s\000e\000d\000\040\000R\000e\000p\000r\000e\000s\000e\000n\000t\000a\000t\000i\000o\000n\000\040\000L\000e\000a\000r\000n\000i\000n\000g}{}% 31
\BOOKMARK [1][-]{section.3.1}{\376\377\000I\000n\000t\000r\000o\000d\000u\000c\000t\000i\000o\000n}{chapter.3}% 32
\BOOKMARK [2][-]{subsection.3.1.1}{\376\377\000U\000n\000s\000u\000p\000e\000r\000v\000i\000s\000e\000d\000\040\000R\000e\000p\000r\000e\000s\000e\000n\000t\000a\000t\000i\000o\000n\000\040\000L\000e\000a\000r\000n\000i\000n\000g\000\040\000f\000o\000r\000\040\000I\000m\000a\000g\000e\000s}{section.3.1}% 33
\BOOKMARK [2][-]{subsection.3.1.2}{\376\377\000S\000u\000m\000m\000a\000r\000y\000\040\000o\000f\000\040\000W\000o\000r\000k}{section.3.1}% 34
\BOOKMARK [1][-]{section.3.2}{\376\377\000R\000e\000v\000i\000e\000w\000\040\000o\000f\000\040\000D\000e\000e\000p\000\040\000U\000n\000s\000u\000p\000e\000r\000v\000i\000s\000e\000d\000\040\000R\000e\000p\000r\000e\000s\000e\000n\000t\000a\000t\000i\000o\000n\000\040\000L\000e\000a\000r\000n\000i\000n\000g}{chapter.3}% 35
\BOOKMARK [2][-]{subsection.3.2.1}{\376\377\000U\000n\000s\000u\000p\000e\000r\000v\000i\000s\000e\000d\000\040\000R\000e\000p\000r\000e\000s\000e\000n\000t\000a\000t\000i\000o\000n\000\040\000L\000e\000a\000r\000n\000i\000n\000g}{section.3.2}% 36
\BOOKMARK [2][-]{subsection.3.2.2}{\376\377\000D\000e\000e\000p\000\040\000U\000n\000s\000u\000p\000e\000r\000v\000i\000s\000e\000d\000\040\000R\000e\000p\000r\000e\000s\000e\000n\000t\000a\000t\000i\000o\000n\000\040\000L\000e\000a\000r\000n\000i\000n\000g}{section.3.2}% 37
\BOOKMARK [2][-]{subsection.3.2.3}{\376\377\000U\000n\000s\000u\000p\000e\000r\000v\000i\000s\000e\000d\000\040\000R\000e\000p\000r\000e\000s\000e\000n\000t\000a\000t\000i\000o\000n\000\040\000L\000e\000a\000r\000n\000i\000n\000g\000\040\000f\000o\000r\000\040\000M\000e\000d\000i\000c\000a\000l\000\040\000I\000m\000a\000g\000e\000s}{section.3.2}% 38
\BOOKMARK [1][-]{section.3.3}{\376\377\000M\000u\000l\000t\000i\000-\000D\000i\000r\000e\000c\000t\000i\000o\000n\000a\000l\000\040\000C\000o\000n\000t\000r\000a\000s\000t\000i\000v\000e\000\040\000P\000r\000e\000d\000i\000c\000t\000i\000v\000e\000\040\000C\000o\000d\000i\000n\000g}{chapter.3}% 39
\BOOKMARK [2][-]{subsection.3.3.1}{\376\377\000C\000o\000n\000t\000r\000a\000s\000t\000i\000v\000e\000\040\000P\000r\000e\000d\000i\000c\000t\000i\000v\000e\000\040\000C\000o\000d\000i\000n\000g}{section.3.3}% 40
\BOOKMARK [2][-]{subsection.3.3.2}{\376\377\000C\000o\000n\000t\000r\000a\000s\000t\000i\000v\000e\000\040\000P\000r\000e\000d\000i\000c\000t\000i\000v\000e\000\040\000C\000o\000d\000i\000n\000g\000\040\000f\000o\000r\000\040\000C\000o\000m\000p\000u\000t\000e\000r\000\040\000V\000i\000s\000i\000o\000n}{section.3.3}% 41
\BOOKMARK [2][-]{subsection.3.3.3}{\376\377\000M\000u\000l\000t\000i\000-\000D\000i\000r\000e\000c\000t\000i\000o\000n\000a\000l\000\040\000C\000o\000n\000t\000r\000a\000s\000t\000i\000v\000e\000\040\000P\000r\000e\000d\000i\000c\000t\000i\000v\000e\000\040\000C\000o\000d\000i\000n\000g}{section.3.3}% 42
\BOOKMARK [1][-]{section.3.4}{\376\377\000U\000n\000s\000u\000p\000e\000r\000v\000i\000s\000e\000d\000\040\000R\000e\000p\000r\000e\000s\000e\000n\000t\000a\000t\000i\000o\000n\000\040\000L\000e\000a\000r\000n\000i\000n\000g\000\040\000E\000x\000p\000e\000r\000i\000m\000e\000n\000t\000s}{chapter.3}% 43
\BOOKMARK [2][-]{subsection.3.4.1}{\376\377\000D\000a\000t\000a\000s\000e\000t}{section.3.4}% 44
\BOOKMARK [2][-]{subsection.3.4.2}{\376\377\000E\000x\000p\000e\000r\000i\000m\000e\000n\000t\000\040\000S\000e\000t\000u\000p}{section.3.4}% 45
\BOOKMARK [2][-]{subsection.3.4.3}{\376\377\000T\000r\000a\000i\000n\000i\000n\000g\000\040\000P\000a\000r\000a\000m\000e\000t\000e\000r\000s}{section.3.4}% 46
\BOOKMARK [2][-]{subsection.3.4.4}{\376\377\000R\000e\000s\000u\000l\000t\000s}{section.3.4}% 47
\BOOKMARK [1][-]{section.3.5}{\376\377\000C\000o\000n\000c\000l\000u\000s\000i\000o\000n}{chapter.3}% 48
\BOOKMARK [0][-]{chapter.4}{\376\377\000C\000l\000a\000s\000s\000i\000f\000i\000c\000a\000t\000i\000o\000n\000\040\000C\000a\000l\000i\000b\000r\000a\000t\000i\000o\000n}{}% 49
\BOOKMARK [1][-]{section.4.1}{\376\377\000I\000n\000t\000r\000o\000d\000u\000c\000t\000i\000o\000n}{chapter.4}% 50
\BOOKMARK [1][-]{section.4.2}{\376\377\000M\000e\000a\000s\000u\000r\000e\000s\000\040\000o\000f\000\040\000C\000a\000l\000i\000b\000r\000a\000t\000i\000o\000n}{chapter.4}% 51
\BOOKMARK [1][-]{section.4.3}{\376\377\000C\000a\000l\000i\000b\000r\000a\000t\000i\000o\000n\000\040\000M\000e\000t\000h\000o\000d\000s\000\040\000a\000n\000d\000\040\000L\000i\000t\000e\000r\000a\000t\000u\000r\000e\000\040\000R\000e\000v\000i\000e\000w}{chapter.4}% 52
\BOOKMARK [2][-]{subsection.4.3.1}{\376\377\000M\000o\000d\000e\000l\000\040\000R\000e\000g\000u\000l\000a\000r\000i\000s\000a\000t\000i\000o\000n\000\040\000F\000o\000r\000\040\000C\000a\000l\000i\000b\000r\000a\000t\000i\000o\000n}{section.4.3}% 53
\BOOKMARK [2][-]{subsection.4.3.2}{\376\377\000P\000o\000s\000t\000-\000H\000o\000c\000\040\000C\000a\000l\000i\000b\000r\000a\000t\000i\000o\000n}{section.4.3}% 54
\BOOKMARK [2][-]{subsection.4.3.3}{\376\377\000B\000a\000y\000e\000s\000i\000a\000n\000\040\000A\000p\000p\000r\000o\000x\000i\000m\000a\000t\000i\000o\000n}{section.4.3}% 55
\BOOKMARK [1][-]{section.4.4}{\376\377\000C\000a\000l\000i\000b\000r\000a\000t\000i\000o\000n\000\040\000E\000x\000p\000e\000r\000i\000m\000e\000n\000t\000s}{chapter.4}% 56
\BOOKMARK [2][-]{subsection.4.4.1}{\376\377\000D\000a\000t\000a\000s\000e\000t\000s}{section.4.4}% 57
\BOOKMARK [2][-]{subsection.4.4.2}{\376\377\000E\000x\000p\000e\000r\000i\000m\000e\000n\000t\000\040\000S\000e\000t\000u\000p}{section.4.4}% 58
\BOOKMARK [2][-]{subsection.4.4.3}{\376\377\000T\000r\000a\000i\000n\000i\000n\000g\000\040\000P\000a\000r\000a\000m\000e\000t\000e\000r\000s}{section.4.4}% 59
\BOOKMARK [2][-]{subsection.4.4.4}{\376\377\000R\000e\000s\000u\000l\000t\000s}{section.4.4}% 60
\BOOKMARK [1][-]{section.4.5}{\376\377\000C\000o\000n\000c\000l\000u\000s\000i\000o\000n}{chapter.4}% 61
\BOOKMARK [0][-]{chapter.5}{\376\377\000S\000e\000l\000e\000c\000t\000i\000v\000e\000\040\000C\000l\000a\000s\000s\000i\000f\000i\000c\000a\000t\000i\000o\000n}{}% 62
\BOOKMARK [1][-]{section.5.1}{\376\377\000I\000n\000t\000r\000o\000d\000u\000c\000t\000i\000o\000n}{chapter.5}% 63
\BOOKMARK [2][-]{subsection.5.1.1}{\376\377\000P\000r\000o\000b\000l\000e\000m\000\040\000S\000t\000a\000t\000e\000m\000e\000n\000t}{section.5.1}% 64
\BOOKMARK [2][-]{subsection.5.1.2}{\376\377\000S\000u\000m\000m\000a\000r\000y\000\040\000o\000f\000\040\000W\000o\000r\000k}{section.5.1}% 65
\BOOKMARK [1][-]{section.5.2}{\376\377\000S\000e\000l\000e\000c\000t\000i\000v\000e\000\040\000C\000l\000a\000s\000s\000i\000f\000i\000c\000a\000t\000i\000o\000n\000\040\000R\000e\000v\000i\000e\000w}{chapter.5}% 66
\BOOKMARK [2][-]{subsection.5.2.1}{\376\377\000S\000e\000l\000e\000c\000t\000i\000v\000e\000\040\000C\000l\000a\000s\000s\000i\000f\000i\000c\000a\000t\000i\000o\000n\000\040\000M\000e\000t\000h\000o\000d\000s}{section.5.2}% 67
\BOOKMARK [2][-]{subsection.5.2.2}{\376\377\000B\000a\000y\000e\000s\000i\000a\000n\000\040\000N\000e\000u\000r\000a\000l\000\040\000N\000e\000t\000w\000o\000r\000k\000s\000\040\000U\000n\000c\000e\000r\000t\000a\000i\000n\000t\000y}{section.5.2}% 68
\BOOKMARK [2][-]{subsection.5.2.3}{\376\377\000P\000r\000e\000d\000i\000c\000t\000i\000v\000e\000\040\000P\000r\000o\000b\000a\000b\000i\000l\000i\000t\000y\000\040\000C\000a\000l\000i\000b\000r\000a\000t\000i\000o\000n}{section.5.2}% 69
\BOOKMARK [1][-]{section.5.3}{\376\377\000S\000e\000l\000e\000c\000t\000i\000v\000e\000\040\000C\000l\000a\000s\000s\000i\000f\000i\000c\000a\000t\000i\000o\000n\000\040\000a\000n\000d\000\040\000C\000a\000l\000i\000b\000r\000a\000t\000i\000o\000n}{chapter.5}% 70
\BOOKMARK [2][-]{subsection.5.3.1}{\376\377\000S\000e\000l\000e\000c\000t\000i\000v\000e\000\040\000C\000l\000a\000s\000s\000i\000f\000i\000c\000a\000t\000i\000o\000n\000\040\000f\000o\000r\000\040\000M\000e\000d\000i\000c\000a\000l\000\040\000T\000r\000i\000a\000g\000e}{section.5.3}% 71
\BOOKMARK [2][-]{subsection.5.3.2}{\376\377\000M\000e\000t\000h\000o\000d\000s\000\040\000f\000o\000r\000\040\000S\000e\000l\000e\000c\000t\000i\000v\000e\000\040\000C\000l\000a\000s\000s\000i\000f\000i\000c\000a\000t\000i\000o\000n}{section.5.3}% 72
\BOOKMARK [2][-]{subsection.5.3.3}{\376\377\000M\000e\000t\000h\000o\000d\000s\000\040\000f\000o\000r\000\040\000C\000a\000l\000i\000b\000r\000a\000t\000i\000o\000n}{section.5.3}% 73
\BOOKMARK [1][-]{section.5.4}{\376\377\000C\000a\000l\000i\000b\000r\000a\000t\000i\000o\000n\000\040\000E\000x\000p\000e\000r\000i\000m\000e\000n\000t\000s}{chapter.5}% 74
\BOOKMARK [2][-]{subsection.5.4.1}{\376\377\000D\000a\000t\000a\000s\000e\000t}{section.5.4}% 75
\BOOKMARK [2][-]{subsection.5.4.2}{\376\377\000E\000x\000p\000e\000r\000i\000m\000e\000n\000t\000\040\000S\000e\000t\000u\000p}{section.5.4}% 76
\BOOKMARK [2][-]{subsection.5.4.3}{\376\377\000T\000r\000a\000i\000n\000i\000n\000g\000\040\000P\000a\000r\000a\000m\000e\000t\000e\000r\000s}{section.5.4}% 77
\BOOKMARK [2][-]{subsection.5.4.4}{\376\377\000R\000e\000s\000u\000l\000t\000s}{section.5.4}% 78
\BOOKMARK [1][-]{section.5.5}{\376\377\000S\000e\000l\000e\000c\000t\000i\000v\000e\000\040\000C\000l\000a\000s\000s\000i\000f\000i\000c\000a\000t\000i\000o\000n\000\040\000E\000x\000p\000e\000r\000i\000m\000e\000n\000t\000s}{chapter.5}% 79
\BOOKMARK [2][-]{subsection.5.5.1}{\376\377\000D\000a\000t\000a\000s\000e\000t}{section.5.5}% 80
\BOOKMARK [2][-]{subsection.5.5.2}{\376\377\000E\000x\000p\000e\000r\000i\000m\000e\000n\000t\000\040\000S\000e\000t\000u\000p}{section.5.5}% 81
\BOOKMARK [2][-]{subsection.5.5.3}{\376\377\000T\000r\000a\000i\000n\000i\000n\000g\000\040\000P\000a\000r\000a\000m\000e\000t\000e\000r\000s}{section.5.5}% 82
\BOOKMARK [2][-]{subsection.5.5.4}{\376\377\000R\000e\000s\000u\000l\000t\000s}{section.5.5}% 83
\BOOKMARK [1][-]{section.5.6}{\376\377\000C\000o\000n\000c\000l\000u\000s\000i\000o\000n}{chapter.5}% 84
\BOOKMARK [0][-]{chapter.6}{\376\377\000A\000s\000y\000m\000m\000e\000t\000r\000i\000c\000a\000l\000\040\000R\000i\000s\000k\000s}{}% 85
\BOOKMARK [1][-]{section.6.1}{\376\377\000I\000n\000t\000r\000o\000d\000u\000c\000t\000i\000o\000n}{chapter.6}% 86
\BOOKMARK [2][-]{subsection.6.1.1}{\376\377\000P\000r\000o\000b\000l\000e\000m\000\040\000S\000t\000a\000t\000e\000m\000e\000n\000t}{section.6.1}% 87
\BOOKMARK [2][-]{subsection.6.1.2}{\376\377\000S\000u\000m\000m\000a\000r\000y\000\040\000o\000f\000\040\000W\000o\000r\000k}{section.6.1}% 88
\BOOKMARK [1][-]{section.6.2}{\376\377\000R\000e\000v\000i\000e\000w\000\040\000o\000f\000\040\000A\000s\000y\000m\000m\000e\000t\000r\000i\000c\000a\000l\000\040\000R\000i\000s\000k\000s\000\040\000i\000n\000\040\000C\000l\000a\000s\000s\000i\000f\000i\000c\000a\000t\000i\000o\000n}{chapter.6}% 89
\BOOKMARK [2][-]{subsection.6.2.1}{\376\377\000A\000s\000s\000i\000g\000n\000i\000n\000g\000\040\000R\000i\000s\000k\000s\000\040\000f\000o\000r\000\040\000C\000l\000a\000s\000s\000i\000f\000i\000c\000a\000t\000i\000o\000n\000\040\000D\000e\000c\000i\000s\000i\000o\000n\000s}{section.6.2}% 90
\BOOKMARK [2][-]{subsection.6.2.2}{\376\377\000R\000i\000s\000k\000\040\000M\000a\000n\000a\000g\000e\000m\000e\000n\000t\000\040\000f\000o\000r\000\040\000M\000e\000d\000i\000c\000a\000l\000\040\000I\000m\000a\000g\000e\000\040\000C\000l\000a\000s\000s\000i\000f\000i\000c\000a\000t\000i\000o\000n}{section.6.2}% 91
\BOOKMARK [1][-]{section.6.3}{\376\377\000A\000s\000y\000m\000m\000e\000t\000r\000i\000c\000a\000l\000\040\000R\000i\000s\000k\000s\000\040\000i\000n\000\040\000S\000e\000l\000e\000c\000t\000i\000v\000e\000\040\000C\000l\000a\000s\000s\000i\000f\000i\000c\000a\000t\000i\000o\000n}{chapter.6}% 92
\BOOKMARK [2][-]{subsection.6.3.1}{\376\377\000S\000e\000l\000e\000c\000t\000i\000v\000e\000\040\000C\000l\000a\000s\000s\000i\000f\000i\000c\000a\000t\000i\000o\000n\000\040\000u\000s\000i\000n\000g\000\040\000E\000x\000p\000e\000c\000t\000e\000d\000\040\000R\000i\000s\000k}{section.6.3}% 93
\BOOKMARK [1][-]{section.6.4}{\376\377\000E\000x\000p\000e\000r\000i\000m\000e\000n\000t\000s\000\040\000w\000i\000t\000h\000\040\000S\000e\000l\000e\000c\000t\000i\000v\000e\000\040\000C\000l\000a\000s\000s\000i\000f\000i\000c\000a\000t\000i\000o\000n\000\040\000w\000i\000t\000h\000\040\000A\000s\000y\000m\000m\000e\000t\000r\000i\000c\000a\000l\000\040\000R\000i\000s\000k\000s}{chapter.6}% 94
\BOOKMARK [2][-]{subsection.6.4.1}{\376\377\000D\000a\000t\000a\000s\000e\000t}{section.6.4}% 95
\BOOKMARK [2][-]{subsection.6.4.2}{\376\377\000E\000x\000p\000e\000r\000i\000m\000e\000n\000t\000\040\000S\000e\000t\000u\000p}{section.6.4}% 96
\BOOKMARK [2][-]{subsection.6.4.3}{\376\377\000T\000r\000a\000i\000n\000i\000n\000g\000\040\000P\000a\000r\000a\000m\000e\000t\000e\000r\000s}{section.6.4}% 97
\BOOKMARK [2][-]{subsection.6.4.4}{\376\377\000R\000e\000s\000u\000l\000t\000s}{section.6.4}% 98
\BOOKMARK [1][-]{section.6.5}{\376\377\000C\000o\000n\000c\000l\000u\000s\000i\000o\000n}{chapter.6}% 99
\BOOKMARK [0][-]{chapter.7}{\376\377\000C\000o\000n\000c\000l\000u\000s\000i\000o\000n\000\040\000a\000n\000d\000\040\000D\000i\000s\000c\000u\000s\000s\000i\000o\000n}{}% 100
\BOOKMARK [1][-]{section.7.1}{\376\377\000P\000a\000t\000h\000w\000a\000y\000\040\000t\000o\000\040\000C\000o\000m\000p\000l\000e\000t\000e\000\040\000S\000y\000s\000t\000e\000m}{chapter.7}% 101
\BOOKMARK [1][-]{section.7.2}{\376\377\000S\000u\000m\000m\000a\000r\000y\000\040\000o\000f\000\040\000C\000o\000n\000t\000r\000i\000b\000u\000t\000i\000o\000n\000s}{chapter.7}% 102
\BOOKMARK [1][-]{section.7.3}{\376\377\000L\000i\000m\000i\000t\000a\000t\000i\000o\000n\000s}{chapter.7}% 103
\BOOKMARK [1][-]{section.7.4}{\376\377\000F\000u\000t\000u\000r\000e\000\040\000W\000o\000r\000k}{chapter.7}% 104
\BOOKMARK [2][-]{subsection.7.4.1}{\376\377\000A\000c\000t\000i\000v\000e\000\040\000L\000e\000a\000r\000n\000i\000n\000g}{section.7.4}% 105
\BOOKMARK [2][-]{subsection.7.4.2}{\376\377\000U\000n\000s\000u\000p\000e\000r\000v\000i\000s\000e\000d\000\040\000L\000e\000a\000r\000n\000i\000n\000g}{section.7.4}% 106
\BOOKMARK [2][-]{subsection.7.4.3}{\376\377\000S\000e\000l\000e\000c\000t\000i\000v\000e\000\040\000C\000l\000a\000s\000s\000i\000f\000i\000c\000a\000t\000i\000o\000n}{section.7.4}% 107
\BOOKMARK [2][-]{subsection.7.4.4}{\376\377\000A\000s\000y\000m\000m\000e\000t\000r\000i\000c\000a\000l\000\040\000R\000i\000s\000k\000s}{section.7.4}% 108
\BOOKMARK [0][-]{subsection.7.4.4}{\376\377\000R\000e\000f\000e\000r\000e\000n\000c\000e\000s}{}% 109
\BOOKMARK [0][-]{section*.33}{\376\377\000A\000p\000p\000e\000n\000d\000i\000c\000e\000s}{}% 110
\BOOKMARK [0][-]{appendix.a.A}{\376\377\000L\000i\000s\000t\000\040\000o\000f\000\040\000P\000u\000b\000l\000i\000c\000a\000t\000i\000o\000n\000s\000\040\000a\000n\000d\000\040\000A\000c\000h\000i\000e\000v\000e\000m\000e\000n\000t\000s}{}% 111
\BOOKMARK [1][-]{section.a.A.1}{\376\377\000F\000i\000r\000s\000t\000\040\000A\000u\000t\000h\000o\000r\000e\000d\000\040\000P\000u\000b\000l\000i\000c\000a\000t\000i\000o\000n\000s}{appendix.a.A}% 112
\BOOKMARK [1][-]{section.a.A.2}{\376\377\000C\000o\000n\000t\000r\000i\000b\000u\000t\000e\000d\000\040\000P\000u\000b\000l\000i\000c\000a\000t\000i\000o\000n\000s}{appendix.a.A}% 113
\BOOKMARK [1][-]{section.a.A.3}{\376\377\000A\000w\000a\000r\000d\000s}{appendix.a.A}% 114
